<?xml version="1.0" encoding="UTF-8" ?>
<!DOCTYPE struts PUBLIC
    "-//Apache Software Foundation//DTD Struts Configuration 2.0//EN"
    "http://struts.apache.org/dtds/struts-2.0.dtd">
<struts>
    <constant name="struts.locale" value="zh_CN"></constant>
	<constant name="struts.i18n.encoding" value="UTF-8"></constant>
	<constant name="struts.custom.i18n.resources" value="application"></constant>
	<constant name="struts.objectFactory " value="spring"></constant>
	<constant name="struts.objectFactory.spring.autoWire" value="name"></constant>
	<constant name="struts.devMode " value="false"></constant>
	<constant name="struts.ui.theme" value="simple"></constant>
	<constant name="struts.action.extension" value="do"></constant>
	<constant name="struts.enable.DynamicMethodInvocation" value="false"></constant>
	<constant name="struts.enable.SlashesInActionNames" value="true"></constant>
	<constant name="struts.mapper.alwaysSelectFullNamespace" value="false"></constant>
	<constant name="struts.mapper.class" value="org.apache.struts2.dispatcher.mapper.DefaultActionMapper"></constant>
	
	<package name="default" extends="struts-default" namespace="">
		<interceptors>
			<interceptor-stack name="paramsPrepareParamsStack">
				<interceptor-ref name="exception" />
				<interceptor-ref name="alias" />
				<interceptor-ref name="params" />
				<interceptor-ref name="servletConfig" />
				<interceptor-ref name="prepare" />
				<interceptor-ref name="i18n" />
				<interceptor-ref name="chain" />
				<interceptor-ref name="modelDriven" />
				<interceptor-ref name="fileUpload" />
				<interceptor-ref name="checkbox" />
				<interceptor-ref name="staticParams" />
				<interceptor-ref name="params" />
				<interceptor-ref name="conversionError" />
				<interceptor-ref name="validation">
					<param name="excludeMethods">
						input,back,cancel
					</param>
					<param name="validateAnnotatedMethodOnly">
						true
					</param>
				</interceptor-ref>
				<interceptor-ref name="workflow">
					<param name="excludeMethods">
						input,back,cancel
					</param>
				</interceptor-ref>
			</interceptor-stack>
		</interceptors>
		<default-interceptor-ref name="paramsPrepareParamsStack" />
	</package>
	
	<package name="json" extends="default">
		<result-types>
			<result-type name="json"
				class="com.googlecode.jsonplugin.JSONResult" />
		</result-types>
		<interceptors>
			<interceptor name="json"
				class="com.googlecode.jsonplugin.JSONInterceptor" />
		</interceptors>
	</package>
	
	<include file="com/systop/modules/**/struts*.xml"></include>
</struts>