<?xml version="1.0" encoding="UTF-8"?>
<beans xmlns="http://www.springframework.org/schema/beans"
	xmlns:xsi="http://www.w3.org/2001/XMLSchema-instance"
	xmlns:jee="http://www.springframework.org/schema/jee"
	xmlns:tx="http://www.springframework.org/schema/tx"
	xmlns:context="http://www.springframework.org/schema/context"
	xsi:schemaLocation="http://www.springframework.org/schema/beans http://www.springframework.org/schema/beans/spring-beans-2.5.xsd http://www.springframework.org/schema/tx http://www.springframework.org/schema/tx/spring-tx-2.5.xsd http://www.springframework.org/schema/jee http://www.springframework.org/schema/jee/spring-jee-2.5.xsd http://www.springframework.org/schema/context http://www.springframework.org/schema/context/spring-context-2.5.xsd"
	default-autowire="byName" default-lazy-init="true">
	<!-- 
		专用于测试核心框架的Spring Application Context，使用hsqdb作为测试数据库，不可
		与项目中其他ApplicationContext联合使用。
	-->
	<bean
		class="org.springframework.beans.factory.config.PropertyPlaceholderConfigurer">
		<property name="systemPropertiesModeName"
			value="SYSTEM_PROPERTIES_MODE_OVERRIDE" />
		<property name="ignoreResourceNotFound" value="true" />
		<property name="locations">
			<list>
				<value>classpath:test-dao.properties</value>
			</list>
		</property>
	</bean>

	<bean id="dataSource"
		class="com.mchange.v2.c3p0.ComboPooledDataSource"
		destroy-method="close">
		<property name="driverClass">
			<value>org.hsqldb.jdbcDriver</value>
		</property>
		<property name="jdbcUrl">
			<value>jdbc:hsqldb:res:/data/hsqldb</value>
		</property>
		<property name="user">
			<value>sa</value>
		</property>
		<property name="password">
			<value></value>
		</property>
	</bean>

	<bean id="sessionFactory"
		class="org.springframework.orm.hibernate3.annotation.AnnotationSessionFactoryBean">
		<property name="dataSource" ref="dataSource" />
		<property name="packagesToScan" value="com.systop.core.dao.testmodel"/>
		

		<property name="hibernateProperties">
			<props>
				<prop key="hibernate.dialect">
					org.hibernate.dialect.HSQLDialect
				</prop>
				<prop key="hibernate.show_sql">true</prop>
				<prop key="hibernate.cache.provider_class">
					org.hibernate.cache.EhCacheProvider
				</prop>
				<prop
					key="hibernate.cache.provider_configuration_file_resource_path">
					${hibernate.cache.provider_configuration_file_resource_path}
				</prop>
			</props>
		</property>
	</bean>
	<bean id="transactionManager"
		class="org.springframework.orm.hibernate3.HibernateTransactionManager" />
		
	<bean id="hibernateTemplate"
		class="org.springframework.orm.hibernate3.HibernateTemplate" />
   
   <context:component-scan base-package="com.systop.core" />
</beans>